mode: atomic
github.com/winjeg/go-commons/props/props.go:19.50,23.21 4 1
github.com/winjeg/go-commons/props/props.go:39.2,40.16 2 1
github.com/winjeg/go-commons/props/props.go:43.2,43.19 1 1
github.com/winjeg/go-commons/props/props.go:23.21,27.39 3 3
github.com/winjeg/go-commons/props/props.go:31.3,31.62 1 3
github.com/winjeg/go-commons/props/props.go:37.3,37.15 1 3
github.com/winjeg/go-commons/props/props.go:27.39,29.12 2 0
github.com/winjeg/go-commons/props/props.go:31.62,34.4 2 3
github.com/winjeg/go-commons/props/props.go:34.9,36.4 1 0
github.com/winjeg/go-commons/props/props.go:40.16,42.3 1 0
github.com/winjeg/go-commons/props/props.go:47.52,49.16 2 2
github.com/winjeg/go-commons/props/props.go:52.2,52.24 1 1
github.com/winjeg/go-commons/props/props.go:49.16,51.3 1 1
github.com/winjeg/go-commons/props/props.go:56.44,57.22 1 3
github.com/winjeg/go-commons/props/props.go:60.2,62.26 3 2
github.com/winjeg/go-commons/props/props.go:73.2,73.15 1 2
github.com/winjeg/go-commons/props/props.go:57.22,59.3 1 1
github.com/winjeg/go-commons/props/props.go:62.26,64.32 2 5
github.com/winjeg/go-commons/props/props.go:67.3,68.16 2 4
github.com/winjeg/go-commons/props/props.go:71.3,71.31 1 3
github.com/winjeg/go-commons/props/props.go:64.32,65.12 1 1
github.com/winjeg/go-commons/props/props.go:68.16,69.12 1 1
github.com/winjeg/go-commons/props/props.go:77.37,79.22 2 0
github.com/winjeg/go-commons/props/props.go:82.2,82.15 1 0
github.com/winjeg/go-commons/props/props.go:79.22,81.3 1 0
github.com/winjeg/go-commons/str/str.go:24.41,31.28 7 5
github.com/winjeg/go-commons/str/str.go:47.2,47.15 1 5
github.com/winjeg/go-commons/str/str.go:31.28,34.12 1 75
github.com/winjeg/go-commons/str/str.go:37.3,37.33 1 75
github.com/winjeg/go-commons/str/str.go:40.3,40.17 1 75
github.com/winjeg/go-commons/str/str.go:34.12,36.4 1 15
github.com/winjeg/go-commons/str/str.go:37.33,39.4 1 15
github.com/winjeg/go-commons/str/str.go:40.17,42.4 1 5
github.com/winjeg/go-commons/str/str.go:42.9,45.4 2 70
github.com/winjeg/go-commons/str/str.go:52.44,54.2 1 1
github.com/winjeg/go-commons/str/str.go:58.38,60.2 1 1
github.com/winjeg/go-commons/str/str.go:64.46,66.2 1 1
github.com/winjeg/go-commons/str/str.go:70.46,72.2 1 1
github.com/winjeg/go-commons/str/str.go:76.51,78.2 1 1
github.com/winjeg/go-commons/str/str.go:81.20,84.2 2 2
github.com/winjeg/go-commons/str/str.go:90.25,94.2 3 0
github.com/winjeg/go-commons/str/str.go:98.31,100.2 1 0
github.com/winjeg/go-commons/str/str.go:104.31,106.2 1 0
github.com/winjeg/go-commons/str/str.go:110.46,112.2 1 0
github.com/winjeg/go-commons/conf/conf_reader.go:15.61,17.57 2 1
github.com/winjeg/go-commons/conf/conf_reader.go:20.2,21.14 2 1
github.com/winjeg/go-commons/conf/conf_reader.go:24.2,24.34 1 1
github.com/winjeg/go-commons/conf/conf_reader.go:17.57,19.3 1 1
github.com/winjeg/go-commons/conf/conf_reader.go:21.14,23.3 1 0
github.com/winjeg/go-commons/conf/conf_reader.go:28.60,30.57 2 1
github.com/winjeg/go-commons/conf/conf_reader.go:33.2,34.14 2 1
github.com/winjeg/go-commons/conf/conf_reader.go:37.2,37.29 1 1
github.com/winjeg/go-commons/conf/conf_reader.go:30.57,32.3 1 1
github.com/winjeg/go-commons/conf/conf_reader.go:34.14,36.3 1 0
github.com/winjeg/go-commons/conf/file_reader.go:18.50,19.59 1 5
github.com/winjeg/go-commons/conf/file_reader.go:22.2,23.59 2 5
github.com/winjeg/go-commons/conf/file_reader.go:19.59,21.3 1 0
github.com/winjeg/go-commons/conf/file_reader.go:27.61,35.17 6 3
github.com/winjeg/go-commons/conf/file_reader.go:62.2,62.10 1 2
github.com/winjeg/go-commons/conf/file_reader.go:35.17,39.49 4 5
github.com/winjeg/go-commons/conf/file_reader.go:52.3,54.16 2 5
github.com/winjeg/go-commons/conf/file_reader.go:39.49,41.20 1 0
github.com/winjeg/go-commons/conf/file_reader.go:41.20,44.5 1 0
github.com/winjeg/go-commons/conf/file_reader.go:45.9,47.20 1 5
github.com/winjeg/go-commons/conf/file_reader.go:47.20,50.5 1 1
github.com/winjeg/go-commons/conf/file_reader.go:54.16,55.18 1 1
github.com/winjeg/go-commons/conf/file_reader.go:58.4,58.12 1 0
github.com/winjeg/go-commons/conf/file_reader.go:55.18,57.5 1 1
github.com/winjeg/go-commons/conf/file_reader.go:65.26,67.16 2 8
github.com/winjeg/go-commons/conf/file_reader.go:67.16,69.3 1 0
github.com/winjeg/go-commons/conf/file_reader.go:73.60,75.16 2 3
github.com/winjeg/go-commons/conf/file_reader.go:78.2,79.16 2 3
github.com/winjeg/go-commons/conf/file_reader.go:82.2,82.10 1 0
github.com/winjeg/go-commons/conf/file_reader.go:75.16,77.3 1 0
github.com/winjeg/go-commons/conf/file_reader.go:79.16,81.3 1 3
github.com/winjeg/go-commons/conf/file_reader.go:87.54,89.14 2 3
github.com/winjeg/go-commons/conf/file_reader.go:92.2,92.14 1 3
github.com/winjeg/go-commons/conf/file_reader.go:95.2,96.16 2 2
github.com/winjeg/go-commons/conf/file_reader.go:99.2,99.10 1 2
github.com/winjeg/go-commons/conf/file_reader.go:89.14,91.3 1 3
github.com/winjeg/go-commons/conf/file_reader.go:92.14,94.3 1 1
github.com/winjeg/go-commons/conf/file_reader.go:96.16,98.3 1 0
github.com/winjeg/go-commons/log/log.go:35.32,37.14 2 1
github.com/winjeg/go-commons/log/log.go:40.2,42.60 2 1
github.com/winjeg/go-commons/log/log.go:47.2,50.12 4 1
github.com/winjeg/go-commons/log/log.go:37.14,39.3 1 0
github.com/winjeg/go-commons/log/log.go:42.60,44.3 1 0
github.com/winjeg/go-commons/log/log.go:44.8,46.3 1 1
github.com/winjeg/go-commons/log/log.go:53.46,54.19 1 1
github.com/winjeg/go-commons/log/log.go:61.2,61.15 1 1
github.com/winjeg/go-commons/log/log.go:54.19,56.3 1 0
github.com/winjeg/go-commons/log/log.go:56.8,60.3 3 1
github.com/winjeg/go-commons/log/log.go:67.33,68.36 1 4
github.com/winjeg/go-commons/log/log.go:71.2,71.49 1 4
github.com/winjeg/go-commons/log/log.go:74.2,76.38 3 4
github.com/winjeg/go-commons/log/log.go:68.36,70.3 1 1
github.com/winjeg/go-commons/log/log.go:71.49,73.3 1 0
github.com/winjeg/go-commons/log/log.go:76.38,77.43 1 4
github.com/winjeg/go-commons/log/log.go:77.43,79.54 2 9
github.com/winjeg/go-commons/log/log.go:82.4,82.20 1 2
github.com/winjeg/go-commons/log/log.go:79.54,80.13 1 7
github.com/winjeg/go-commons/log/log.go:87.43,89.17 2 2
github.com/winjeg/go-commons/log/log.go:92.2,92.14 1 2
github.com/winjeg/go-commons/log/log.go:89.17,91.3 1 0
github.com/winjeg/go-commons/log/log.go:95.21,97.2 1 1
github.com/winjeg/go-commons/log/log.go:100.53,101.41 1 1
github.com/winjeg/go-commons/log/log.go:102.15,103.27 1 0
github.com/winjeg/go-commons/log/log.go:104.15,105.27 1 0
github.com/winjeg/go-commons/log/log.go:106.14,107.26 1 1
github.com/winjeg/go-commons/log/log.go:108.14,109.26 1 0
github.com/winjeg/go-commons/log/log.go:110.15,111.27 1 0
github.com/winjeg/go-commons/log/log.go:112.15,113.27 1 0
github.com/winjeg/go-commons/log/log.go:114.15,115.27 1 0
github.com/winjeg/go-commons/log/log.go:116.10,117.26 1 0
github.com/winjeg/go-commons/log/log.go:121.51,122.18 1 1
github.com/winjeg/go-commons/log/log.go:123.17,127.4 1 0
github.com/winjeg/go-commons/log/log.go:128.14,129.33 1 1
github.com/winjeg/go-commons/log/log.go:130.14,131.33 1 0
github.com/winjeg/go-commons/log/log.go:132.10,136.4 1 0
github.com/winjeg/go-commons/log/log.go:140.41,141.18 1 1
github.com/winjeg/go-commons/log/log.go:142.13,143.19 1 1
github.com/winjeg/go-commons/log/log.go:145.10,146.19 1 0
github.com/winjeg/go-commons/httpclient/http_client.go:21.76,23.29 2 2
github.com/winjeg/go-commons/httpclient/http_client.go:26.2,30.54 4 2
github.com/winjeg/go-commons/httpclient/http_client.go:33.2,33.17 1 2
github.com/winjeg/go-commons/httpclient/http_client.go:23.29,25.3 1 2
github.com/winjeg/go-commons/httpclient/http_client.go:30.54,32.3 1 2
github.com/winjeg/go-commons/httpclient/http_client.go:37.38,39.52 2 3
github.com/winjeg/go-commons/httpclient/http_client.go:42.2,42.38 1 2
github.com/winjeg/go-commons/httpclient/http_client.go:45.2,47.26 3 2
github.com/winjeg/go-commons/httpclient/http_client.go:39.52,41.3 1 1
github.com/winjeg/go-commons/httpclient/http_client.go:42.38,44.3 1 0
github.com/winjeg/go-commons/httpclient/http_client.go:52.48,55.16 3 0
github.com/winjeg/go-commons/httpclient/http_client.go:59.2,59.38 1 0
github.com/winjeg/go-commons/httpclient/http_client.go:62.2,64.26 3 0
github.com/winjeg/go-commons/httpclient/http_client.go:55.16,58.3 2 0
github.com/winjeg/go-commons/httpclient/http_client.go:59.38,61.3 1 0
github.com/winjeg/go-commons/httpclient/http_client.go:69.47,75.16 4 1
github.com/winjeg/go-commons/httpclient/http_client.go:78.2,79.16 2 1
github.com/winjeg/go-commons/httpclient/http_client.go:83.2,83.38 1 1
github.com/winjeg/go-commons/httpclient/http_client.go:86.2,88.26 3 0
github.com/winjeg/go-commons/httpclient/http_client.go:75.16,77.3 1 0
github.com/winjeg/go-commons/httpclient/http_client.go:79.16,82.3 2 0
github.com/winjeg/go-commons/httpclient/http_client.go:83.38,85.3 1 1
github.com/winjeg/go-commons/httpclient/http_client.go:93.50,99.16 4 1
github.com/winjeg/go-commons/httpclient/http_client.go:102.2,103.16 2 1
github.com/winjeg/go-commons/httpclient/http_client.go:107.2,107.38 1 1
github.com/winjeg/go-commons/httpclient/http_client.go:110.2,112.26 3 0
github.com/winjeg/go-commons/httpclient/http_client.go:99.16,101.3 1 0
github.com/winjeg/go-commons/httpclient/http_client.go:103.16,106.3 2 0
github.com/winjeg/go-commons/httpclient/http_client.go:107.38,109.3 1 1
github.com/winjeg/go-commons/httpclient/http_client.go:115.37,117.32 2 2
github.com/winjeg/go-commons/httpclient/http_client.go:117.32,119.17 2 2
github.com/winjeg/go-commons/httpclient/http_client.go:119.17,121.4 1 0
